[0.011s] Invoking command in '/home/jorge/panter_ws/src/build/bringup_pkg': CMAKE_PREFIX_PATH=${CMAKE_PREFIX_PATH}:/opt/ros/humble /usr/bin/cmake --build /home/jorge/panter_ws/src/build/bringup_pkg -- -j12 -l12
[0.038s] Invoked command in '/home/jorge/panter_ws/src/build/bringup_pkg' returned '0': CMAKE_PREFIX_PATH=${CMAKE_PREFIX_PATH}:/opt/ros/humble /usr/bin/cmake --build /home/jorge/panter_ws/src/build/bringup_pkg -- -j12 -l12
[0.045s] Invoking command in '/home/jorge/panter_ws/src/build/bringup_pkg': CMAKE_PREFIX_PATH=${CMAKE_PREFIX_PATH}:/opt/ros/humble /usr/bin/cmake --install /home/jorge/panter_ws/src/build/bringup_pkg
[0.050s] -- Install configuration: ""
[0.050s] -- Up-to-date: /home/jorge/panter_ws/src/install/bringup_pkg/share/ament_index/resource_index/package_run_dependencies/bringup_pkg
[0.050s] -- Up-to-date: /home/jorge/panter_ws/src/install/bringup_pkg/share/ament_index/resource_index/parent_prefix_path/bringup_pkg
[0.050s] -- Up-to-date: /home/jorge/panter_ws/src/install/bringup_pkg/share/bringup_pkg/environment/ament_prefix_path.sh
[0.050s] -- Up-to-date: /home/jorge/panter_ws/src/install/bringup_pkg/share/bringup_pkg/environment/ament_prefix_path.dsv
[0.050s] -- Up-to-date: /home/jorge/panter_ws/src/install/bringup_pkg/share/bringup_pkg/environment/path.sh
[0.050s] -- Up-to-date: /home/jorge/panter_ws/src/install/bringup_pkg/share/bringup_pkg/environment/path.dsv
[0.050s] -- Up-to-date: /home/jorge/panter_ws/src/install/bringup_pkg/share/bringup_pkg/local_setup.bash
[0.050s] -- Up-to-date: /home/jorge/panter_ws/src/install/bringup_pkg/share/bringup_pkg/local_setup.sh
[0.050s] -- Up-to-date: /home/jorge/panter_ws/src/install/bringup_pkg/share/bringup_pkg/local_setup.zsh
[0.050s] -- Up-to-date: /home/jorge/panter_ws/src/install/bringup_pkg/share/bringup_pkg/local_setup.dsv
[0.050s] -- Up-to-date: /home/jorge/panter_ws/src/install/bringup_pkg/share/bringup_pkg/package.dsv
[0.050s] -- Up-to-date: /home/jorge/panter_ws/src/install/bringup_pkg/share/ament_index/resource_index/packages/bringup_pkg
[0.050s] -- Up-to-date: /home/jorge/panter_ws/src/install/bringup_pkg/share/bringup_pkg/cmake/bringup_pkgConfig.cmake
[0.050s] -- Up-to-date: /home/jorge/panter_ws/src/install/bringup_pkg/share/bringup_pkg/cmake/bringup_pkgConfig-version.cmake
[0.050s] -- Up-to-date: /home/jorge/panter_ws/src/install/bringup_pkg/share/bringup_pkg/package.xml
[0.052s] Invoked command in '/home/jorge/panter_ws/src/build/bringup_pkg' returned '0': CMAKE_PREFIX_PATH=${CMAKE_PREFIX_PATH}:/opt/ros/humble /usr/bin/cmake --install /home/jorge/panter_ws/src/build/bringup_pkg
