-- Install configuration: ""
-- Up-to-date: /home/jorge/panter_ws/src/install/description_pkg/share/description_pkg/urdf
-- Up-to-date: /home/jorge/panter_ws/src/install/description_pkg/share/description_pkg/urdf/panter.urdf
-- Up-to-date: /home/jorge/panter_ws/src/install/description_pkg/share/description_pkg/meshes
-- Up-to-date: /home/jorge/panter_ws/src/install/description_pkg/share/description_pkg/meshes/ED_DCH.STL
-- Up-to-date: /home/jorge/panter_ws/src/install/description_pkg/share/description_pkg/meshes/ST03_IZQ.STL
-- Up-to-date: /home/jorge/panter_ws/src/install/description_pkg/share/description_pkg/meshes/ST02_IZQ.STL
-- Up-to-date: /home/jorge/panter_ws/src/install/description_pkg/share/description_pkg/meshes/SD02_DCH.STL
-- Up-to-date: /home/jorge/panter_ws/src/install/description_pkg/share/description_pkg/meshes/SD03_IZQ.STL
-- Up-to-date: /home/jorge/panter_ws/src/install/description_pkg/share/description_pkg/meshes/ET_IZQ.STL
-- Up-to-date: /home/jorge/panter_ws/src/install/description_pkg/share/description_pkg/meshes/ET_DCH.STL
-- Up-to-date: /home/jorge/panter_ws/src/install/description_pkg/share/description_pkg/meshes/CH.STL
-- Up-to-date: /home/jorge/panter_ws/src/install/description_pkg/share/description_pkg/meshes/ST03_DCH.STL
-- Up-to-date: /home/jorge/panter_ws/src/install/description_pkg/share/description_pkg/meshes/ST01_IZQ.STL
-- Up-to-date: /home/jorge/panter_ws/src/install/description_pkg/share/description_pkg/meshes/ST02_DCH.STL
-- Up-to-date: /home/jorge/panter_ws/src/install/description_pkg/share/description_pkg/meshes/MGT_IZQ.STL
-- Up-to-date: /home/jorge/panter_ws/src/install/description_pkg/share/description_pkg/meshes/MGT_DCH.STL
-- Up-to-date: /home/jorge/panter_ws/src/install/description_pkg/share/description_pkg/meshes/ED_IZQ.STL
-- Up-to-date: /home/jorge/panter_ws/src/install/description_pkg/share/description_pkg/meshes/MGD_IZQ.STL
-- Up-to-date: /home/jorge/panter_ws/src/install/description_pkg/share/description_pkg/meshes/SD01_IZQ.STL
-- Up-to-date: /home/jorge/panter_ws/src/install/description_pkg/share/description_pkg/meshes/MGD_DCH.STL
-- Up-to-date: /home/jorge/panter_ws/src/install/description_pkg/share/description_pkg/meshes/SD02_IZQ.STL
-- Up-to-date: /home/jorge/panter_ws/src/install/description_pkg/share/description_pkg/meshes/SD03_DCH.STL
-- Up-to-date: /home/jorge/panter_ws/src/install/description_pkg/share/description_pkg/meshes/ST01_DCH.STL
-- Up-to-date: /home/jorge/panter_ws/src/install/description_pkg/share/description_pkg/meshes/SD01_DCH.STL
-- Up-to-date: /home/jorge/panter_ws/src/install/description_pkg/share/description_pkg/launch
-- Up-to-date: /home/jorge/panter_ws/src/install/description_pkg/share/description_pkg/launch/sim_sdf.launch.py
-- Up-to-date: /home/jorge/panter_ws/src/install/description_pkg/share/description_pkg/launch/pantersim.launch.py
-- Up-to-date: /home/jorge/panter_ws/src/install/description_pkg/share/description_pkg/launch/sim.launch.py
-- Up-to-date: /home/jorge/panter_ws/src/install/description_pkg/share/description_pkg/launch/panter_setup.launch.py
-- Up-to-date: /home/jorge/panter_ws/src/install/description_pkg/share/description_pkg/rviz
-- Up-to-date: /home/jorge/panter_ws/src/install/description_pkg/share/description_pkg/rviz/panter.rviz
-- Up-to-date: /home/jorge/panter_ws/src/install/description_pkg/share/description_pkg/worlds
-- Up-to-date: /home/jorge/panter_ws/src/install/description_pkg/share/description_pkg/worlds/my_world.sdf
-- Up-to-date: /home/jorge/panter_ws/src/install/description_pkg/share/description_pkg/worlds/terrain1.sdf
-- Up-to-date: /home/jorge/panter_ws/src/install/description_pkg/share/description_pkg/worlds/terrain1.dae
-- Up-to-date: /home/jorge/panter_ws/src/install/description_pkg/share/description_pkg/worlds/my_mangueta.sdf
-- Up-to-date: /home/jorge/panter_ws/src/install/description_pkg/share/description_pkg/sdf
-- Up-to-date: /home/jorge/panter_ws/src/install/description_pkg/share/description_pkg/sdf/reserva_11_3.sdf
-- Up-to-date: /home/jorge/panter_ws/src/install/description_pkg/share/description_pkg/sdf/panter.sdf
-- Up-to-date: /home/jorge/panter_ws/src/install/description_pkg/share/description_pkg/sdf/reserva_v2.sdf
-- Up-to-date: /home/jorge/panter_ws/src/install/description_pkg/share/ament_index/resource_index/package_run_dependencies/description_pkg
-- Up-to-date: /home/jorge/panter_ws/src/install/description_pkg/share/ament_index/resource_index/parent_prefix_path/description_pkg
-- Up-to-date: /home/jorge/panter_ws/src/install/description_pkg/share/description_pkg/environment/ament_prefix_path.sh
-- Up-to-date: /home/jorge/panter_ws/src/install/description_pkg/share/description_pkg/environment/ament_prefix_path.dsv
-- Up-to-date: /home/jorge/panter_ws/src/install/description_pkg/share/description_pkg/environment/path.sh
-- Up-to-date: /home/jorge/panter_ws/src/install/description_pkg/share/description_pkg/environment/path.dsv
-- Up-to-date: /home/jorge/panter_ws/src/install/description_pkg/share/description_pkg/local_setup.bash
-- Up-to-date: /home/jorge/panter_ws/src/install/description_pkg/share/description_pkg/local_setup.sh
-- Up-to-date: /home/jorge/panter_ws/src/install/description_pkg/share/description_pkg/local_setup.zsh
-- Up-to-date: /home/jorge/panter_ws/src/install/description_pkg/share/description_pkg/local_setup.dsv
-- Up-to-date: /home/jorge/panter_ws/src/install/description_pkg/share/description_pkg/package.dsv
-- Up-to-date: /home/jorge/panter_ws/src/install/description_pkg/share/ament_index/resource_index/packages/description_pkg
-- Up-to-date: /home/jorge/panter_ws/src/install/description_pkg/share/description_pkg/cmake/description_pkgConfig.cmake
-- Up-to-date: /home/jorge/panter_ws/src/install/description_pkg/share/description_pkg/cmake/description_pkgConfig-version.cmake
-- Up-to-date: /home/jorge/panter_ws/src/install/description_pkg/share/description_pkg/package.xml
