[0.010s] Invoking command in '/home/jorge/panter_ws/src/build/description_pkg': CMAKE_PREFIX_PATH=${CMAKE_PREFIX_PATH}:/opt/ros/humble /usr/bin/cmake --build /home/jorge/panter_ws/src/build/description_pkg -- -j12 -l12
[0.041s] Invoked command in '/home/jorge/panter_ws/src/build/description_pkg' returned '0': CMAKE_PREFIX_PATH=${CMAKE_PREFIX_PATH}:/opt/ros/humble /usr/bin/cmake --build /home/jorge/panter_ws/src/build/description_pkg -- -j12 -l12
[0.042s] Invoking command in '/home/jorge/panter_ws/src/build/description_pkg': CMAKE_PREFIX_PATH=${CMAKE_PREFIX_PATH}:/opt/ros/humble /usr/bin/cmake --install /home/jorge/panter_ws/src/build/description_pkg
[0.047s] -- Install configuration: ""
[0.047s] -- Up-to-date: /home/jorge/panter_ws/src/install/description_pkg/share/description_pkg/urdf
[0.048s] -- Up-to-date: /home/jorge/panter_ws/src/install/description_pkg/share/description_pkg/urdf/panter.urdf
[0.048s] -- Up-to-date: /home/jorge/panter_ws/src/install/description_pkg/share/description_pkg/meshes
[0.048s] -- Up-to-date: /home/jorge/panter_ws/src/install/description_pkg/share/description_pkg/meshes/ED_DCH.STL
[0.048s] -- Up-to-date: /home/jorge/panter_ws/src/install/description_pkg/share/description_pkg/meshes/ST03_IZQ.STL
[0.048s] -- Up-to-date: /home/jorge/panter_ws/src/install/description_pkg/share/description_pkg/meshes/ST02_IZQ.STL
[0.048s] -- Up-to-date: /home/jorge/panter_ws/src/install/description_pkg/share/description_pkg/meshes/SD02_DCH.STL
[0.048s] -- Up-to-date: /home/jorge/panter_ws/src/install/description_pkg/share/description_pkg/meshes/SD03_IZQ.STL
[0.048s] -- Up-to-date: /home/jorge/panter_ws/src/install/description_pkg/share/description_pkg/meshes/ET_IZQ.STL
[0.048s] -- Up-to-date: /home/jorge/panter_ws/src/install/description_pkg/share/description_pkg/meshes/ET_DCH.STL
[0.048s] -- Up-to-date: /home/jorge/panter_ws/src/install/description_pkg/share/description_pkg/meshes/CH.STL
[0.048s] -- Up-to-date: /home/jorge/panter_ws/src/install/description_pkg/share/description_pkg/meshes/ST03_DCH.STL
[0.048s] -- Up-to-date: /home/jorge/panter_ws/src/install/description_pkg/share/description_pkg/meshes/ST01_IZQ.STL
[0.048s] -- Up-to-date: /home/jorge/panter_ws/src/install/description_pkg/share/description_pkg/meshes/ST02_DCH.STL
[0.048s] -- Up-to-date: /home/jorge/panter_ws/src/install/description_pkg/share/description_pkg/meshes/MGT_IZQ.STL
[0.048s] -- Up-to-date: /home/jorge/panter_ws/src/install/description_pkg/share/description_pkg/meshes/MGT_DCH.STL
[0.048s] -- Up-to-date: /home/jorge/panter_ws/src/install/description_pkg/share/description_pkg/meshes/ED_IZQ.STL
[0.048s] -- Up-to-date: /home/jorge/panter_ws/src/install/description_pkg/share/description_pkg/meshes/MGD_IZQ.STL
[0.048s] -- Up-to-date: /home/jorge/panter_ws/src/install/description_pkg/share/description_pkg/meshes/SD01_IZQ.STL
[0.048s] -- Up-to-date: /home/jorge/panter_ws/src/install/description_pkg/share/description_pkg/meshes/MGD_DCH.STL
[0.048s] -- Up-to-date: /home/jorge/panter_ws/src/install/description_pkg/share/description_pkg/meshes/SD02_IZQ.STL
[0.049s] -- Up-to-date: /home/jorge/panter_ws/src/install/description_pkg/share/description_pkg/meshes/SD03_DCH.STL
[0.049s] -- Up-to-date: /home/jorge/panter_ws/src/install/description_pkg/share/description_pkg/meshes/ST01_DCH.STL
[0.049s] -- Up-to-date: /home/jorge/panter_ws/src/install/description_pkg/share/description_pkg/meshes/SD01_DCH.STL
[0.049s] -- Up-to-date: /home/jorge/panter_ws/src/install/description_pkg/share/description_pkg/launch
[0.049s] -- Up-to-date: /home/jorge/panter_ws/src/install/description_pkg/share/description_pkg/launch/sim_sdf.launch.py
[0.049s] -- Up-to-date: /home/jorge/panter_ws/src/install/description_pkg/share/description_pkg/launch/pantersim.launch.py
[0.049s] -- Up-to-date: /home/jorge/panter_ws/src/install/description_pkg/share/description_pkg/launch/sim.launch.py
[0.049s] -- Up-to-date: /home/jorge/panter_ws/src/install/description_pkg/share/description_pkg/launch/panter_setup.launch.py
[0.049s] -- Up-to-date: /home/jorge/panter_ws/src/install/description_pkg/share/description_pkg/rviz
[0.049s] -- Up-to-date: /home/jorge/panter_ws/src/install/description_pkg/share/description_pkg/rviz/panter.rviz
[0.049s] -- Up-to-date: /home/jorge/panter_ws/src/install/description_pkg/share/description_pkg/worlds
[0.049s] -- Up-to-date: /home/jorge/panter_ws/src/install/description_pkg/share/description_pkg/worlds/my_world.sdf
[0.049s] -- Up-to-date: /home/jorge/panter_ws/src/install/description_pkg/share/description_pkg/worlds/terrain1.sdf
[0.049s] -- Up-to-date: /home/jorge/panter_ws/src/install/description_pkg/share/description_pkg/worlds/terrain1.dae
[0.049s] -- Up-to-date: /home/jorge/panter_ws/src/install/description_pkg/share/description_pkg/worlds/my_mangueta.sdf
[0.049s] -- Up-to-date: /home/jorge/panter_ws/src/install/description_pkg/share/description_pkg/sdf
[0.049s] -- Up-to-date: /home/jorge/panter_ws/src/install/description_pkg/share/description_pkg/sdf/reserva_11_3.sdf
[0.049s] -- Up-to-date: /home/jorge/panter_ws/src/install/description_pkg/share/description_pkg/sdf/panter.sdf
[0.049s] -- Up-to-date: /home/jorge/panter_ws/src/install/description_pkg/share/description_pkg/sdf/reserva_v2.sdf
[0.049s] -- Up-to-date: /home/jorge/panter_ws/src/install/description_pkg/share/ament_index/resource_index/package_run_dependencies/description_pkg
[0.049s] -- Up-to-date: /home/jorge/panter_ws/src/install/description_pkg/share/ament_index/resource_index/parent_prefix_path/description_pkg
[0.049s] -- Up-to-date: /home/jorge/panter_ws/src/install/description_pkg/share/description_pkg/environment/ament_prefix_path.sh
[0.049s] -- Up-to-date: /home/jorge/panter_ws/src/install/description_pkg/share/description_pkg/environment/ament_prefix_path.dsv
[0.049s] -- Up-to-date: /home/jorge/panter_ws/src/install/description_pkg/share/description_pkg/environment/path.sh
[0.050s] -- Up-to-date: /home/jorge/panter_ws/src/install/description_pkg/share/description_pkg/environment/path.dsv
[0.050s] -- Up-to-date: /home/jorge/panter_ws/src/install/description_pkg/share/description_pkg/local_setup.bash
[0.050s] -- Up-to-date: /home/jorge/panter_ws/src/install/description_pkg/share/description_pkg/local_setup.sh
[0.050s] -- Up-to-date: /home/jorge/panter_ws/src/install/description_pkg/share/description_pkg/local_setup.zsh
[0.050s] -- Up-to-date: /home/jorge/panter_ws/src/install/description_pkg/share/description_pkg/local_setup.dsv
[0.050s] -- Up-to-date: /home/jorge/panter_ws/src/install/description_pkg/share/description_pkg/package.dsv
[0.050s] -- Up-to-date: /home/jorge/panter_ws/src/install/description_pkg/share/ament_index/resource_index/packages/description_pkg
[0.050s] -- Up-to-date: /home/jorge/panter_ws/src/install/description_pkg/share/description_pkg/cmake/description_pkgConfig.cmake
[0.050s] -- Up-to-date: /home/jorge/panter_ws/src/install/description_pkg/share/description_pkg/cmake/description_pkgConfig-version.cmake
[0.050s] -- Up-to-date: /home/jorge/panter_ws/src/install/description_pkg/share/description_pkg/package.xml
[0.061s] Invoked command in '/home/jorge/panter_ws/src/build/description_pkg' returned '0': CMAKE_PREFIX_PATH=${CMAKE_PREFIX_PATH}:/opt/ros/humble /usr/bin/cmake --install /home/jorge/panter_ws/src/build/description_pkg
