[0.009s] Invoking command in '/home/jorge/panter_ws/src/build/control_pkg': CMAKE_PREFIX_PATH=${CMAKE_PREFIX_PATH}:/opt/ros/humble /usr/bin/cmake --build /home/jorge/panter_ws/src/build/control_pkg -- -j12 -l12
[0.035s] [35m[1mConsolidate compiler generated dependencies of target testingPanter[0m
[0.044s] [100%] Built target testingPanter
[0.062s] Invoked command in '/home/jorge/panter_ws/src/build/control_pkg' returned '0': CMAKE_PREFIX_PATH=${CMAKE_PREFIX_PATH}:/opt/ros/humble /usr/bin/cmake --build /home/jorge/panter_ws/src/build/control_pkg -- -j12 -l12
[0.063s] Invoking command in '/home/jorge/panter_ws/src/build/control_pkg': CMAKE_PREFIX_PATH=${CMAKE_PREFIX_PATH}:/opt/ros/humble /usr/bin/cmake --install /home/jorge/panter_ws/src/build/control_pkg
[0.071s] -- Install configuration: ""
[0.071s] -- Up-to-date: /home/jorge/panter_ws/src/install/control_pkg/lib/control_pkg/testingPanter
[0.071s] -- Up-to-date: /home/jorge/panter_ws/src/install/control_pkg/share/ament_index/resource_index/package_run_dependencies/control_pkg
[0.071s] -- Up-to-date: /home/jorge/panter_ws/src/install/control_pkg/share/ament_index/resource_index/parent_prefix_path/control_pkg
[0.071s] -- Up-to-date: /home/jorge/panter_ws/src/install/control_pkg/share/control_pkg/environment/ament_prefix_path.sh
[0.071s] -- Up-to-date: /home/jorge/panter_ws/src/install/control_pkg/share/control_pkg/environment/ament_prefix_path.dsv
[0.071s] -- Up-to-date: /home/jorge/panter_ws/src/install/control_pkg/share/control_pkg/environment/path.sh
[0.071s] -- Up-to-date: /home/jorge/panter_ws/src/install/control_pkg/share/control_pkg/environment/path.dsv
[0.071s] -- Up-to-date: /home/jorge/panter_ws/src/install/control_pkg/share/control_pkg/local_setup.bash
[0.071s] -- Up-to-date: /home/jorge/panter_ws/src/install/control_pkg/share/control_pkg/local_setup.sh
[0.071s] -- Up-to-date: /home/jorge/panter_ws/src/install/control_pkg/share/control_pkg/local_setup.zsh
[0.071s] -- Up-to-date: /home/jorge/panter_ws/src/install/control_pkg/share/control_pkg/local_setup.dsv
[0.071s] -- Up-to-date: /home/jorge/panter_ws/src/install/control_pkg/share/control_pkg/package.dsv
[0.071s] -- Up-to-date: /home/jorge/panter_ws/src/install/control_pkg/share/ament_index/resource_index/packages/control_pkg
[0.071s] -- Up-to-date: /home/jorge/panter_ws/src/install/control_pkg/share/control_pkg/cmake/control_pkgConfig.cmake
[0.071s] -- Up-to-date: /home/jorge/panter_ws/src/install/control_pkg/share/control_pkg/cmake/control_pkgConfig-version.cmake
[0.071s] -- Up-to-date: /home/jorge/panter_ws/src/install/control_pkg/share/control_pkg/package.xml
[0.072s] Invoked command in '/home/jorge/panter_ws/src/build/control_pkg' returned '0': CMAKE_PREFIX_PATH=${CMAKE_PREFIX_PATH}:/opt/ros/humble /usr/bin/cmake --install /home/jorge/panter_ws/src/build/control_pkg
