[0.010s] Invoking command in '/home/jorge/panter_ws/src/build/bringup_pkg': CMAKE_PREFIX_PATH=${CMAKE_PREFIX_PATH}:/opt/ros/humble /usr/bin/cmake /home/jorge/panter_ws/src/bringup_pkg -DCMAKE_INSTALL_PREFIX=/home/jorge/panter_ws/src/install/bringup_pkg
[0.088s] -- The C compiler identification is GNU 11.4.0
[0.129s] -- The CXX compiler identification is GNU 11.4.0
[0.135s] -- Detecting C compiler ABI info
[0.189s] -- Detecting C compiler ABI info - done
[0.197s] -- Check for working C compiler: /usr/bin/cc - skipped
[0.197s] -- Detecting C compile features
[0.198s] -- Detecting C compile features - done
[0.201s] -- Detecting CXX compiler ABI info
[0.265s] -- Detecting CXX compiler ABI info - done
[0.272s] -- Check for working CXX compiler: /usr/bin/c++ - skipped
[0.272s] -- Detecting CXX compile features
[0.272s] -- Detecting CXX compile features - done
[0.274s] -- Found ament_cmake: 1.3.11 (/opt/ros/humble/share/ament_cmake/cmake)
[0.380s] -- Found Python3: /usr/bin/python3 (found version "3.10.12") found components: Interpreter 
[0.449s] -- Found rclpy: 3.3.15 (/opt/ros/humble/share/rclpy/cmake)
[0.450s] -- Found ament_lint_auto: 0.12.11 (/opt/ros/humble/share/ament_lint_auto/cmake)
[0.506s] -- Added test 'flake8' to check Python code syntax and style conventions
[0.506s] -- Added test 'lint_cmake' to check CMake code style
[0.506s] -- Added test 'pep257' to check Python code against some of the docstring style conventions in PEP 257
[0.507s] -- Added test 'xmllint' to check XML markup files
[0.508s] -- Configuring done
[0.509s] -- Generating done
[0.510s] -- Build files have been written to: /home/jorge/panter_ws/src/build/bringup_pkg
[0.513s] Invoked command in '/home/jorge/panter_ws/src/build/bringup_pkg' returned '0': CMAKE_PREFIX_PATH=${CMAKE_PREFIX_PATH}:/opt/ros/humble /usr/bin/cmake /home/jorge/panter_ws/src/bringup_pkg -DCMAKE_INSTALL_PREFIX=/home/jorge/panter_ws/src/install/bringup_pkg
[0.514s] Invoking command in '/home/jorge/panter_ws/src/build/bringup_pkg': CMAKE_PREFIX_PATH=${CMAKE_PREFIX_PATH}:/opt/ros/humble /usr/bin/cmake --build /home/jorge/panter_ws/src/build/bringup_pkg -- -j12 -l12
[0.546s] Invoked command in '/home/jorge/panter_ws/src/build/bringup_pkg' returned '0': CMAKE_PREFIX_PATH=${CMAKE_PREFIX_PATH}:/opt/ros/humble /usr/bin/cmake --build /home/jorge/panter_ws/src/build/bringup_pkg -- -j12 -l12
[0.553s] Invoking command in '/home/jorge/panter_ws/src/build/bringup_pkg': CMAKE_PREFIX_PATH=${CMAKE_PREFIX_PATH}:/opt/ros/humble /usr/bin/cmake --install /home/jorge/panter_ws/src/build/bringup_pkg
[0.558s] -- Install configuration: ""
[0.558s] -- Installing: /home/jorge/panter_ws/src/install/bringup_pkg/share/ament_index/resource_index/package_run_dependencies/bringup_pkg
[0.558s] -- Installing: /home/jorge/panter_ws/src/install/bringup_pkg/share/ament_index/resource_index/parent_prefix_path/bringup_pkg
[0.558s] -- Installing: /home/jorge/panter_ws/src/install/bringup_pkg/share/bringup_pkg/environment/ament_prefix_path.sh
[0.558s] -- Installing: /home/jorge/panter_ws/src/install/bringup_pkg/share/bringup_pkg/environment/ament_prefix_path.dsv
[0.558s] -- Installing: /home/jorge/panter_ws/src/install/bringup_pkg/share/bringup_pkg/environment/path.sh
[0.558s] -- Installing: /home/jorge/panter_ws/src/install/bringup_pkg/share/bringup_pkg/environment/path.dsv
[0.558s] -- Installing: /home/jorge/panter_ws/src/install/bringup_pkg/share/bringup_pkg/local_setup.bash
[0.559s] -- Installing: /home/jorge/panter_ws/src/install/bringup_pkg/share/bringup_pkg/local_setup.sh
[0.559s] -- Installing: /home/jorge/panter_ws/src/install/bringup_pkg/share/bringup_pkg/local_setup.zsh
[0.559s] -- Installing: /home/jorge/panter_ws/src/install/bringup_pkg/share/bringup_pkg/local_setup.dsv
[0.559s] -- Installing: /home/jorge/panter_ws/src/install/bringup_pkg/share/bringup_pkg/package.dsv
[0.559s] -- Installing: /home/jorge/panter_ws/src/install/bringup_pkg/share/ament_index/resource_index/packages/bringup_pkg
[0.559s] -- Installing: /home/jorge/panter_ws/src/install/bringup_pkg/share/bringup_pkg/cmake/bringup_pkgConfig.cmake
[0.559s] -- Installing: /home/jorge/panter_ws/src/install/bringup_pkg/share/bringup_pkg/cmake/bringup_pkgConfig-version.cmake
[0.559s] -- Installing: /home/jorge/panter_ws/src/install/bringup_pkg/share/bringup_pkg/package.xml
[0.561s] Invoked command in '/home/jorge/panter_ws/src/build/bringup_pkg' returned '0': CMAKE_PREFIX_PATH=${CMAKE_PREFIX_PATH}:/opt/ros/humble /usr/bin/cmake --install /home/jorge/panter_ws/src/build/bringup_pkg
