[0.067s] DEBUG:colcon:Command line arguments: ['/usr/bin/colcon', 'build']
[0.067s] DEBUG:colcon:Parsed command line arguments: Namespace(log_base=None, log_level=None, verb_name='build', build_base='build', install_base='install', merge_install=False, symlink_install=False, test_result_base=None, continue_on_error=False, executor='parallel', parallel_workers=12, event_handlers=None, ignore_user_meta=False, metas=['./colcon.meta'], base_paths=['.'], packages_ignore=None, packages_ignore_regex=None, paths=None, packages_up_to=None, packages_up_to_regex=None, packages_above=None, packages_above_and_dependencies=None, packages_above_depth=None, packages_select_by_dep=None, packages_skip_by_dep=None, packages_skip_up_to=None, packages_select_build_failed=False, packages_skip_build_finished=False, packages_select_test_failures=False, packages_skip_test_passed=False, packages_select=None, packages_skip=None, packages_select_regex=None, packages_skip_regex=None, packages_start=None, packages_end=None, allow_overriding=[], cmake_args=None, cmake_target=None, cmake_target_skip_unavailable=False, cmake_clean_cache=False, cmake_clean_first=False, cmake_force_configure=False, ament_cmake_args=None, catkin_cmake_args=None, catkin_skip_building_tests=False, mixin_files=None, mixin=None, verb_parser=<colcon_mixin.mixin.mixin_argument.MixinArgumentDecorator object at 0x70fbc2648dc0>, verb_extension=<colcon_core.verb.build.BuildVerb object at 0x70fbc2648910>, main=<bound method BuildVerb.main of <colcon_core.verb.build.BuildVerb object at 0x70fbc2648910>>, mixin_verb=('build',))
[0.161s] Level 1:colcon.colcon_core.package_discovery:discover_packages(colcon_meta) check parameters
[0.161s] Level 1:colcon.colcon_core.package_discovery:discover_packages(recursive) check parameters
[0.161s] Level 1:colcon.colcon_core.package_discovery:discover_packages(ignore) check parameters
[0.162s] Level 1:colcon.colcon_core.package_discovery:discover_packages(path) check parameters
[0.162s] Level 1:colcon.colcon_core.package_discovery:discover_packages(colcon_meta) discover
[0.162s] Level 1:colcon.colcon_core.package_discovery:discover_packages(recursive) discover
[0.162s] INFO:colcon.colcon_core.package_discovery:Crawling recursively for packages in '/home/jorge/panter_ws/src'
[0.162s] Level 1:colcon.colcon_core.package_identification:_identify(.) by extensions ['ignore', 'ignore_ament_install']
[0.162s] Level 1:colcon.colcon_core.package_identification:_identify(.) by extension 'ignore'
[0.162s] Level 1:colcon.colcon_core.package_identification:_identify(.) by extension 'ignore_ament_install'
[0.162s] Level 1:colcon.colcon_core.package_identification:_identify(.) by extensions ['colcon_pkg']
[0.162s] Level 1:colcon.colcon_core.package_identification:_identify(.) by extension 'colcon_pkg'
[0.162s] Level 1:colcon.colcon_core.package_identification:_identify(.) by extensions ['colcon_meta']
[0.162s] Level 1:colcon.colcon_core.package_identification:_identify(.) by extension 'colcon_meta'
[0.162s] Level 1:colcon.colcon_core.package_identification:_identify(.) by extensions ['ros']
[0.162s] Level 1:colcon.colcon_core.package_identification:_identify(.) by extension 'ros'
[0.169s] Level 1:colcon.colcon_core.package_identification:_identify(.) by extensions ['cmake', 'python']
[0.169s] Level 1:colcon.colcon_core.package_identification:_identify(.) by extension 'cmake'
[0.169s] Level 1:colcon.colcon_core.package_identification:_identify(.) by extension 'python'
[0.169s] Level 1:colcon.colcon_core.package_identification:_identify(.) by extensions ['python_setup_py']
[0.169s] Level 1:colcon.colcon_core.package_identification:_identify(.) by extension 'python_setup_py'
[0.169s] Level 1:colcon.colcon_core.package_identification:_identify(bringup_pkg) by extensions ['ignore', 'ignore_ament_install']
[0.169s] Level 1:colcon.colcon_core.package_identification:_identify(bringup_pkg) by extension 'ignore'
[0.169s] Level 1:colcon.colcon_core.package_identification:_identify(bringup_pkg) by extension 'ignore_ament_install'
[0.169s] Level 1:colcon.colcon_core.package_identification:_identify(bringup_pkg) by extensions ['colcon_pkg']
[0.170s] Level 1:colcon.colcon_core.package_identification:_identify(bringup_pkg) by extension 'colcon_pkg'
[0.170s] Level 1:colcon.colcon_core.package_identification:_identify(bringup_pkg) by extensions ['colcon_meta']
[0.170s] Level 1:colcon.colcon_core.package_identification:_identify(bringup_pkg) by extension 'colcon_meta'
[0.170s] Level 1:colcon.colcon_core.package_identification:_identify(bringup_pkg) by extensions ['ros']
[0.170s] Level 1:colcon.colcon_core.package_identification:_identify(bringup_pkg) by extension 'ros'
[0.171s] DEBUG:colcon.colcon_core.package_identification:Package 'bringup_pkg' with type 'ros.ament_cmake' and name 'bringup_pkg'
[0.171s] Level 1:colcon.colcon_core.package_identification:_identify(build) by extensions ['ignore', 'ignore_ament_install']
[0.171s] Level 1:colcon.colcon_core.package_identification:_identify(build) by extension 'ignore'
[0.171s] Level 1:colcon.colcon_core.package_identification:_identify(build) ignored
[0.172s] Level 1:colcon.colcon_core.package_identification:_identify(control_pkg) by extensions ['ignore', 'ignore_ament_install']
[0.172s] Level 1:colcon.colcon_core.package_identification:_identify(control_pkg) by extension 'ignore'
[0.172s] Level 1:colcon.colcon_core.package_identification:_identify(control_pkg) by extension 'ignore_ament_install'
[0.172s] Level 1:colcon.colcon_core.package_identification:_identify(control_pkg) by extensions ['colcon_pkg']
[0.172s] Level 1:colcon.colcon_core.package_identification:_identify(control_pkg) by extension 'colcon_pkg'
[0.172s] Level 1:colcon.colcon_core.package_identification:_identify(control_pkg) by extensions ['colcon_meta']
[0.172s] Level 1:colcon.colcon_core.package_identification:_identify(control_pkg) by extension 'colcon_meta'
[0.172s] Level 1:colcon.colcon_core.package_identification:_identify(control_pkg) by extensions ['ros']
[0.172s] Level 1:colcon.colcon_core.package_identification:_identify(control_pkg) by extension 'ros'
[0.172s] DEBUG:colcon.colcon_core.package_identification:Package 'control_pkg' with type 'ros.ament_cmake' and name 'control_pkg'
[0.172s] Level 1:colcon.colcon_core.package_identification:_identify(description_pkg) by extensions ['ignore', 'ignore_ament_install']
[0.173s] Level 1:colcon.colcon_core.package_identification:_identify(description_pkg) by extension 'ignore'
[0.173s] Level 1:colcon.colcon_core.package_identification:_identify(description_pkg) by extension 'ignore_ament_install'
[0.173s] Level 1:colcon.colcon_core.package_identification:_identify(description_pkg) by extensions ['colcon_pkg']
[0.173s] Level 1:colcon.colcon_core.package_identification:_identify(description_pkg) by extension 'colcon_pkg'
[0.173s] Level 1:colcon.colcon_core.package_identification:_identify(description_pkg) by extensions ['colcon_meta']
[0.173s] Level 1:colcon.colcon_core.package_identification:_identify(description_pkg) by extension 'colcon_meta'
[0.173s] Level 1:colcon.colcon_core.package_identification:_identify(description_pkg) by extensions ['ros']
[0.173s] Level 1:colcon.colcon_core.package_identification:_identify(description_pkg) by extension 'ros'
[0.173s] DEBUG:colcon.colcon_core.package_identification:Package 'description_pkg' with type 'ros.ament_cmake' and name 'description_pkg'
[0.174s] Level 1:colcon.colcon_core.package_identification:_identify(install) by extensions ['ignore', 'ignore_ament_install']
[0.174s] Level 1:colcon.colcon_core.package_identification:_identify(install) by extension 'ignore'
[0.174s] Level 1:colcon.colcon_core.package_identification:_identify(install) ignored
[0.174s] Level 1:colcon.colcon_core.package_identification:_identify(log) by extensions ['ignore', 'ignore_ament_install']
[0.174s] Level 1:colcon.colcon_core.package_identification:_identify(log) by extension 'ignore'
[0.174s] Level 1:colcon.colcon_core.package_identification:_identify(log) ignored
[0.174s] Level 1:colcon.colcon_core.package_discovery:discover_packages(recursive) using defaults
[0.174s] Level 1:colcon.colcon_core.package_discovery:discover_packages(ignore) discover
[0.174s] Level 1:colcon.colcon_core.package_discovery:discover_packages(ignore) using defaults
[0.174s] Level 1:colcon.colcon_core.package_discovery:discover_packages(path) discover
[0.174s] Level 1:colcon.colcon_core.package_discovery:discover_packages(path) using defaults
[0.193s] Level 1:colcon.colcon_core.package_discovery:discover_packages(prefix_path) check parameters
[0.193s] Level 1:colcon.colcon_core.package_discovery:discover_packages(prefix_path) discover
[0.194s] DEBUG:colcon.colcon_installed_package_information.package_discovery:Found 3 installed packages in /home/jorge/panter_ws/install
[0.195s] DEBUG:colcon.colcon_installed_package_information.package_discovery:Found 1 installed packages in /home/jorge/panterproject/install
[0.196s] DEBUG:colcon.colcon_installed_package_information.package_discovery:Found 287 installed packages in /opt/ros/humble
[0.196s] Level 1:colcon.colcon_core.package_discovery:discover_packages(prefix_path) using defaults
[0.218s] Level 5:colcon.colcon_core.verb:set package 'bringup_pkg' build argument 'cmake_args' from command line to 'None'
[0.218s] Level 5:colcon.colcon_core.verb:set package 'bringup_pkg' build argument 'cmake_target' from command line to 'None'
[0.218s] Level 5:colcon.colcon_core.verb:set package 'bringup_pkg' build argument 'cmake_target_skip_unavailable' from command line to 'False'
[0.218s] Level 5:colcon.colcon_core.verb:set package 'bringup_pkg' build argument 'cmake_clean_cache' from command line to 'False'
[0.218s] Level 5:colcon.colcon_core.verb:set package 'bringup_pkg' build argument 'cmake_clean_first' from command line to 'False'
[0.218s] Level 5:colcon.colcon_core.verb:set package 'bringup_pkg' build argument 'cmake_force_configure' from command line to 'False'
[0.218s] Level 5:colcon.colcon_core.verb:set package 'bringup_pkg' build argument 'ament_cmake_args' from command line to 'None'
[0.218s] Level 5:colcon.colcon_core.verb:set package 'bringup_pkg' build argument 'catkin_cmake_args' from command line to 'None'
[0.218s] Level 5:colcon.colcon_core.verb:set package 'bringup_pkg' build argument 'catkin_skip_building_tests' from command line to 'False'
[0.219s] DEBUG:colcon.colcon_core.verb:Building package 'bringup_pkg' with the following arguments: {'ament_cmake_args': None, 'build_base': '/home/jorge/panter_ws/src/build/bringup_pkg', 'catkin_cmake_args': None, 'catkin_skip_building_tests': False, 'cmake_args': None, 'cmake_clean_cache': False, 'cmake_clean_first': False, 'cmake_force_configure': False, 'cmake_target': None, 'cmake_target_skip_unavailable': False, 'install_base': '/home/jorge/panter_ws/src/install/bringup_pkg', 'merge_install': False, 'path': '/home/jorge/panter_ws/src/bringup_pkg', 'symlink_install': False, 'test_result_base': None}
[0.219s] Level 5:colcon.colcon_core.verb:set package 'control_pkg' build argument 'cmake_args' from command line to 'None'
[0.219s] Level 5:colcon.colcon_core.verb:set package 'control_pkg' build argument 'cmake_target' from command line to 'None'
[0.219s] Level 5:colcon.colcon_core.verb:set package 'control_pkg' build argument 'cmake_target_skip_unavailable' from command line to 'False'
[0.219s] Level 5:colcon.colcon_core.verb:set package 'control_pkg' build argument 'cmake_clean_cache' from command line to 'False'
[0.219s] Level 5:colcon.colcon_core.verb:set package 'control_pkg' build argument 'cmake_clean_first' from command line to 'False'
[0.219s] Level 5:colcon.colcon_core.verb:set package 'control_pkg' build argument 'cmake_force_configure' from command line to 'False'
[0.219s] Level 5:colcon.colcon_core.verb:set package 'control_pkg' build argument 'ament_cmake_args' from command line to 'None'
[0.219s] Level 5:colcon.colcon_core.verb:set package 'control_pkg' build argument 'catkin_cmake_args' from command line to 'None'
[0.219s] Level 5:colcon.colcon_core.verb:set package 'control_pkg' build argument 'catkin_skip_building_tests' from command line to 'False'
[0.219s] DEBUG:colcon.colcon_core.verb:Building package 'control_pkg' with the following arguments: {'ament_cmake_args': None, 'build_base': '/home/jorge/panter_ws/src/build/control_pkg', 'catkin_cmake_args': None, 'catkin_skip_building_tests': False, 'cmake_args': None, 'cmake_clean_cache': False, 'cmake_clean_first': False, 'cmake_force_configure': False, 'cmake_target': None, 'cmake_target_skip_unavailable': False, 'install_base': '/home/jorge/panter_ws/src/install/control_pkg', 'merge_install': False, 'path': '/home/jorge/panter_ws/src/control_pkg', 'symlink_install': False, 'test_result_base': None}
[0.219s] Level 5:colcon.colcon_core.verb:set package 'description_pkg' build argument 'cmake_args' from command line to 'None'
[0.219s] Level 5:colcon.colcon_core.verb:set package 'description_pkg' build argument 'cmake_target' from command line to 'None'
[0.219s] Level 5:colcon.colcon_core.verb:set package 'description_pkg' build argument 'cmake_target_skip_unavailable' from command line to 'False'
[0.219s] Level 5:colcon.colcon_core.verb:set package 'description_pkg' build argument 'cmake_clean_cache' from command line to 'False'
[0.219s] Level 5:colcon.colcon_core.verb:set package 'description_pkg' build argument 'cmake_clean_first' from command line to 'False'
[0.219s] Level 5:colcon.colcon_core.verb:set package 'description_pkg' build argument 'cmake_force_configure' from command line to 'False'
[0.219s] Level 5:colcon.colcon_core.verb:set package 'description_pkg' build argument 'ament_cmake_args' from command line to 'None'
[0.219s] Level 5:colcon.colcon_core.verb:set package 'description_pkg' build argument 'catkin_cmake_args' from command line to 'None'
[0.219s] Level 5:colcon.colcon_core.verb:set package 'description_pkg' build argument 'catkin_skip_building_tests' from command line to 'False'
[0.219s] DEBUG:colcon.colcon_core.verb:Building package 'description_pkg' with the following arguments: {'ament_cmake_args': None, 'build_base': '/home/jorge/panter_ws/src/build/description_pkg', 'catkin_cmake_args': None, 'catkin_skip_building_tests': False, 'cmake_args': None, 'cmake_clean_cache': False, 'cmake_clean_first': False, 'cmake_force_configure': False, 'cmake_target': None, 'cmake_target_skip_unavailable': False, 'install_base': '/home/jorge/panter_ws/src/install/description_pkg', 'merge_install': False, 'path': '/home/jorge/panter_ws/src/description_pkg', 'symlink_install': False, 'test_result_base': None}
[0.220s] INFO:colcon.colcon_core.executor:Executing jobs using 'parallel' executor
[0.220s] DEBUG:colcon.colcon_parallel_executor.executor.parallel:run_until_complete
[0.220s] INFO:colcon.colcon_ros.task.ament_cmake.build:Building ROS package in '/home/jorge/panter_ws/src/bringup_pkg' with build type 'ament_cmake'
[0.221s] INFO:colcon.colcon_cmake.task.cmake.build:Building CMake package in '/home/jorge/panter_ws/src/bringup_pkg'
[0.222s] INFO:colcon.colcon_core.plugin_system:Skipping extension 'colcon_core.shell.bat': Not used on non-Windows systems
[0.222s] INFO:colcon.colcon_core.shell:Skip shell extension 'powershell' for command environment: Not usable outside of PowerShell
[0.222s] DEBUG:colcon.colcon_core.shell:Skip shell extension 'dsv' for command environment
[0.224s] INFO:colcon.colcon_ros.task.ament_cmake.build:Building ROS package in '/home/jorge/panter_ws/src/control_pkg' with build type 'ament_cmake'
[0.224s] INFO:colcon.colcon_cmake.task.cmake.build:Building CMake package in '/home/jorge/panter_ws/src/control_pkg'
[0.225s] INFO:colcon.colcon_core.shell:Skip shell extension 'powershell' for command environment: Not usable outside of PowerShell
[0.225s] DEBUG:colcon.colcon_core.shell:Skip shell extension 'dsv' for command environment
[0.227s] INFO:colcon.colcon_ros.task.ament_cmake.build:Building ROS package in '/home/jorge/panter_ws/src/description_pkg' with build type 'ament_cmake'
[0.227s] INFO:colcon.colcon_cmake.task.cmake.build:Building CMake package in '/home/jorge/panter_ws/src/description_pkg'
[0.227s] INFO:colcon.colcon_core.shell:Skip shell extension 'powershell' for command environment: Not usable outside of PowerShell
[0.227s] DEBUG:colcon.colcon_core.shell:Skip shell extension 'dsv' for command environment
[0.231s] DEBUG:colcon.colcon_core.event_handler.log_command:Invoking command in '/home/jorge/panter_ws/src/build/bringup_pkg': CMAKE_PREFIX_PATH=${CMAKE_PREFIX_PATH}:/opt/ros/humble /usr/bin/cmake /home/jorge/panter_ws/src/bringup_pkg -DCMAKE_INSTALL_PREFIX=/home/jorge/panter_ws/src/install/bringup_pkg
[0.232s] DEBUG:colcon.colcon_core.event_handler.log_command:Invoking command in '/home/jorge/panter_ws/src/build/control_pkg': CMAKE_PREFIX_PATH=${CMAKE_PREFIX_PATH}:/opt/ros/humble /usr/bin/cmake /home/jorge/panter_ws/src/control_pkg -DCMAKE_INSTALL_PREFIX=/home/jorge/panter_ws/src/install/control_pkg
[0.235s] DEBUG:colcon.colcon_core.event_handler.log_command:Invoking command in '/home/jorge/panter_ws/src/build/description_pkg': CMAKE_PREFIX_PATH=${CMAKE_PREFIX_PATH}:/opt/ros/humble /usr/bin/cmake /home/jorge/panter_ws/src/description_pkg -DCMAKE_INSTALL_PREFIX=/home/jorge/panter_ws/src/install/description_pkg
[0.734s] DEBUG:colcon.colcon_core.event_handler.log_command:Invoked command in '/home/jorge/panter_ws/src/build/bringup_pkg' returned '0': CMAKE_PREFIX_PATH=${CMAKE_PREFIX_PATH}:/opt/ros/humble /usr/bin/cmake /home/jorge/panter_ws/src/bringup_pkg -DCMAKE_INSTALL_PREFIX=/home/jorge/panter_ws/src/install/bringup_pkg
[0.736s] DEBUG:colcon.colcon_core.event_handler.log_command:Invoking command in '/home/jorge/panter_ws/src/build/bringup_pkg': CMAKE_PREFIX_PATH=${CMAKE_PREFIX_PATH}:/opt/ros/humble /usr/bin/cmake --build /home/jorge/panter_ws/src/build/bringup_pkg -- -j12 -l12
[0.767s] DEBUG:colcon.colcon_core.event_handler.log_command:Invoked command in '/home/jorge/panter_ws/src/build/bringup_pkg' returned '0': CMAKE_PREFIX_PATH=${CMAKE_PREFIX_PATH}:/opt/ros/humble /usr/bin/cmake --build /home/jorge/panter_ws/src/build/bringup_pkg -- -j12 -l12
[0.774s] DEBUG:colcon.colcon_core.event_handler.log_command:Invoking command in '/home/jorge/panter_ws/src/build/bringup_pkg': CMAKE_PREFIX_PATH=${CMAKE_PREFIX_PATH}:/opt/ros/humble /usr/bin/cmake --install /home/jorge/panter_ws/src/build/bringup_pkg
[0.782s] Level 1:colcon.colcon_core.environment:create_environment_scripts_only(bringup_pkg)
[0.782s] DEBUG:colcon.colcon_core.event_handler.log_command:Invoked command in '/home/jorge/panter_ws/src/build/bringup_pkg' returned '0': CMAKE_PREFIX_PATH=${CMAKE_PREFIX_PATH}:/opt/ros/humble /usr/bin/cmake --install /home/jorge/panter_ws/src/build/bringup_pkg
[0.784s] Level 1:colcon.colcon_core.environment:checking '/home/jorge/panter_ws/src/install/bringup_pkg' for CMake module files
[0.784s] Level 1:colcon.colcon_core.environment:checking '/home/jorge/panter_ws/src/install/bringup_pkg' for CMake config files
[0.784s] Level 1:colcon.colcon_core.shell:create_environment_hook('bringup_pkg', 'cmake_prefix_path')
[0.785s] INFO:colcon.colcon_core.shell:Creating environment hook '/home/jorge/panter_ws/src/install/bringup_pkg/share/bringup_pkg/hook/cmake_prefix_path.ps1'
[0.785s] INFO:colcon.colcon_core.shell:Creating environment descriptor '/home/jorge/panter_ws/src/install/bringup_pkg/share/bringup_pkg/hook/cmake_prefix_path.dsv'
[0.785s] INFO:colcon.colcon_core.shell:Creating environment hook '/home/jorge/panter_ws/src/install/bringup_pkg/share/bringup_pkg/hook/cmake_prefix_path.sh'
[0.786s] Level 1:colcon.colcon_core.environment:checking '/home/jorge/panter_ws/src/install/bringup_pkg/bin'
[0.786s] Level 1:colcon.colcon_core.environment:checking '/home/jorge/panter_ws/src/install/bringup_pkg/lib/pkgconfig/bringup_pkg.pc'
[0.786s] Level 1:colcon.colcon_core.environment:checking '/home/jorge/panter_ws/src/install/bringup_pkg/lib/python3.10/site-packages'
[0.786s] Level 1:colcon.colcon_core.environment:checking '/home/jorge/panter_ws/src/install/bringup_pkg/bin'
[0.787s] INFO:colcon.colcon_core.shell:Creating package script '/home/jorge/panter_ws/src/install/bringup_pkg/share/bringup_pkg/package.ps1'
[0.787s] INFO:colcon.colcon_core.shell:Creating package descriptor '/home/jorge/panter_ws/src/install/bringup_pkg/share/bringup_pkg/package.dsv'
[0.787s] INFO:colcon.colcon_core.shell:Creating package script '/home/jorge/panter_ws/src/install/bringup_pkg/share/bringup_pkg/package.sh'
[0.788s] INFO:colcon.colcon_core.shell:Creating package script '/home/jorge/panter_ws/src/install/bringup_pkg/share/bringup_pkg/package.bash'
[0.788s] INFO:colcon.colcon_core.shell:Creating package script '/home/jorge/panter_ws/src/install/bringup_pkg/share/bringup_pkg/package.zsh'
[0.789s] Level 1:colcon.colcon_core.environment:create_file_with_runtime_dependencies(/home/jorge/panter_ws/src/install/bringup_pkg/share/colcon-core/packages/bringup_pkg)
[0.789s] Level 1:colcon.colcon_core.environment:create_environment_scripts_only(bringup_pkg)
[0.789s] Level 1:colcon.colcon_core.environment:checking '/home/jorge/panter_ws/src/install/bringup_pkg' for CMake module files
[0.789s] Level 1:colcon.colcon_core.environment:checking '/home/jorge/panter_ws/src/install/bringup_pkg' for CMake config files
[0.790s] Level 1:colcon.colcon_core.shell:create_environment_hook('bringup_pkg', 'cmake_prefix_path')
[0.790s] INFO:colcon.colcon_core.shell:Creating environment hook '/home/jorge/panter_ws/src/install/bringup_pkg/share/bringup_pkg/hook/cmake_prefix_path.ps1'
[0.790s] INFO:colcon.colcon_core.shell:Creating environment descriptor '/home/jorge/panter_ws/src/install/bringup_pkg/share/bringup_pkg/hook/cmake_prefix_path.dsv'
[0.790s] INFO:colcon.colcon_core.shell:Creating environment hook '/home/jorge/panter_ws/src/install/bringup_pkg/share/bringup_pkg/hook/cmake_prefix_path.sh'
[0.791s] Level 1:colcon.colcon_core.environment:checking '/home/jorge/panter_ws/src/install/bringup_pkg/bin'
[0.791s] Level 1:colcon.colcon_core.environment:checking '/home/jorge/panter_ws/src/install/bringup_pkg/lib/pkgconfig/bringup_pkg.pc'
[0.791s] Level 1:colcon.colcon_core.environment:checking '/home/jorge/panter_ws/src/install/bringup_pkg/lib/python3.10/site-packages'
[0.791s] Level 1:colcon.colcon_core.environment:checking '/home/jorge/panter_ws/src/install/bringup_pkg/bin'
[0.791s] INFO:colcon.colcon_core.shell:Creating package script '/home/jorge/panter_ws/src/install/bringup_pkg/share/bringup_pkg/package.ps1'
[0.792s] INFO:colcon.colcon_core.shell:Creating package descriptor '/home/jorge/panter_ws/src/install/bringup_pkg/share/bringup_pkg/package.dsv'
[0.792s] INFO:colcon.colcon_core.shell:Creating package script '/home/jorge/panter_ws/src/install/bringup_pkg/share/bringup_pkg/package.sh'
[0.792s] INFO:colcon.colcon_core.shell:Creating package script '/home/jorge/panter_ws/src/install/bringup_pkg/share/bringup_pkg/package.bash'
[0.792s] INFO:colcon.colcon_core.shell:Creating package script '/home/jorge/panter_ws/src/install/bringup_pkg/share/bringup_pkg/package.zsh'
[0.793s] Level 1:colcon.colcon_core.environment:create_file_with_runtime_dependencies(/home/jorge/panter_ws/src/install/bringup_pkg/share/colcon-core/packages/bringup_pkg)
[1.129s] DEBUG:colcon.colcon_core.event_handler.log_command:Invoked command in '/home/jorge/panter_ws/src/build/control_pkg' returned '0': CMAKE_PREFIX_PATH=${CMAKE_PREFIX_PATH}:/opt/ros/humble /usr/bin/cmake /home/jorge/panter_ws/src/control_pkg -DCMAKE_INSTALL_PREFIX=/home/jorge/panter_ws/src/install/control_pkg
[1.130s] DEBUG:colcon.colcon_core.event_handler.log_command:Invoking command in '/home/jorge/panter_ws/src/build/control_pkg': CMAKE_PREFIX_PATH=${CMAKE_PREFIX_PATH}:/opt/ros/humble /usr/bin/cmake --build /home/jorge/panter_ws/src/build/control_pkg -- -j12 -l12
[1.145s] DEBUG:colcon.colcon_core.event_handler.log_command:Invoked command in '/home/jorge/panter_ws/src/build/description_pkg' returned '0': CMAKE_PREFIX_PATH=${CMAKE_PREFIX_PATH}:/opt/ros/humble /usr/bin/cmake /home/jorge/panter_ws/src/description_pkg -DCMAKE_INSTALL_PREFIX=/home/jorge/panter_ws/src/install/description_pkg
[1.146s] DEBUG:colcon.colcon_core.event_handler.log_command:Invoking command in '/home/jorge/panter_ws/src/build/description_pkg': CMAKE_PREFIX_PATH=${CMAKE_PREFIX_PATH}:/opt/ros/humble /usr/bin/cmake --build /home/jorge/panter_ws/src/build/description_pkg -- -j12 -l12
[1.184s] DEBUG:colcon.colcon_core.event_handler.log_command:Invoked command in '/home/jorge/panter_ws/src/build/description_pkg' returned '0': CMAKE_PREFIX_PATH=${CMAKE_PREFIX_PATH}:/opt/ros/humble /usr/bin/cmake --build /home/jorge/panter_ws/src/build/description_pkg -- -j12 -l12
[1.186s] DEBUG:colcon.colcon_core.event_handler.log_command:Invoking command in '/home/jorge/panter_ws/src/build/description_pkg': CMAKE_PREFIX_PATH=${CMAKE_PREFIX_PATH}:/opt/ros/humble /usr/bin/cmake --install /home/jorge/panter_ws/src/build/description_pkg
[1.226s] Level 1:colcon.colcon_core.environment:create_environment_scripts_only(description_pkg)
[1.226s] Level 1:colcon.colcon_core.environment:checking '/home/jorge/panter_ws/src/install/description_pkg' for CMake module files
[1.227s] DEBUG:colcon.colcon_core.event_handler.log_command:Invoked command in '/home/jorge/panter_ws/src/build/description_pkg' returned '0': CMAKE_PREFIX_PATH=${CMAKE_PREFIX_PATH}:/opt/ros/humble /usr/bin/cmake --install /home/jorge/panter_ws/src/build/description_pkg
[1.227s] Level 1:colcon.colcon_core.environment:checking '/home/jorge/panter_ws/src/install/description_pkg' for CMake config files
[1.228s] Level 1:colcon.colcon_core.shell:create_environment_hook('description_pkg', 'cmake_prefix_path')
[1.228s] INFO:colcon.colcon_core.shell:Creating environment hook '/home/jorge/panter_ws/src/install/description_pkg/share/description_pkg/hook/cmake_prefix_path.ps1'
[1.229s] INFO:colcon.colcon_core.shell:Creating environment descriptor '/home/jorge/panter_ws/src/install/description_pkg/share/description_pkg/hook/cmake_prefix_path.dsv'
[1.229s] INFO:colcon.colcon_core.shell:Creating environment hook '/home/jorge/panter_ws/src/install/description_pkg/share/description_pkg/hook/cmake_prefix_path.sh'
[1.230s] Level 1:colcon.colcon_core.environment:checking '/home/jorge/panter_ws/src/install/description_pkg/bin'
[1.230s] Level 1:colcon.colcon_core.environment:checking '/home/jorge/panter_ws/src/install/description_pkg/lib/pkgconfig/description_pkg.pc'
[1.230s] Level 1:colcon.colcon_core.environment:checking '/home/jorge/panter_ws/src/install/description_pkg/lib/python3.10/site-packages'
[1.230s] Level 1:colcon.colcon_core.environment:checking '/home/jorge/panter_ws/src/install/description_pkg/bin'
[1.231s] INFO:colcon.colcon_core.shell:Creating package script '/home/jorge/panter_ws/src/install/description_pkg/share/description_pkg/package.ps1'
[1.231s] INFO:colcon.colcon_core.shell:Creating package descriptor '/home/jorge/panter_ws/src/install/description_pkg/share/description_pkg/package.dsv'
[1.232s] INFO:colcon.colcon_core.shell:Creating package script '/home/jorge/panter_ws/src/install/description_pkg/share/description_pkg/package.sh'
[1.232s] INFO:colcon.colcon_core.shell:Creating package script '/home/jorge/panter_ws/src/install/description_pkg/share/description_pkg/package.bash'
[1.232s] INFO:colcon.colcon_core.shell:Creating package script '/home/jorge/panter_ws/src/install/description_pkg/share/description_pkg/package.zsh'
[1.232s] Level 1:colcon.colcon_core.environment:create_file_with_runtime_dependencies(/home/jorge/panter_ws/src/install/description_pkg/share/colcon-core/packages/description_pkg)
[1.233s] Level 1:colcon.colcon_core.environment:create_environment_scripts_only(description_pkg)
[1.233s] Level 1:colcon.colcon_core.environment:checking '/home/jorge/panter_ws/src/install/description_pkg' for CMake module files
[1.233s] Level 1:colcon.colcon_core.environment:checking '/home/jorge/panter_ws/src/install/description_pkg' for CMake config files
[1.233s] Level 1:colcon.colcon_core.shell:create_environment_hook('description_pkg', 'cmake_prefix_path')
[1.233s] INFO:colcon.colcon_core.shell:Creating environment hook '/home/jorge/panter_ws/src/install/description_pkg/share/description_pkg/hook/cmake_prefix_path.ps1'
[1.234s] INFO:colcon.colcon_core.shell:Creating environment descriptor '/home/jorge/panter_ws/src/install/description_pkg/share/description_pkg/hook/cmake_prefix_path.dsv'
[1.234s] INFO:colcon.colcon_core.shell:Creating environment hook '/home/jorge/panter_ws/src/install/description_pkg/share/description_pkg/hook/cmake_prefix_path.sh'
[1.234s] Level 1:colcon.colcon_core.environment:checking '/home/jorge/panter_ws/src/install/description_pkg/bin'
[1.234s] Level 1:colcon.colcon_core.environment:checking '/home/jorge/panter_ws/src/install/description_pkg/lib/pkgconfig/description_pkg.pc'
[1.235s] Level 1:colcon.colcon_core.environment:checking '/home/jorge/panter_ws/src/install/description_pkg/lib/python3.10/site-packages'
[1.235s] Level 1:colcon.colcon_core.environment:checking '/home/jorge/panter_ws/src/install/description_pkg/bin'
[1.235s] INFO:colcon.colcon_core.shell:Creating package script '/home/jorge/panter_ws/src/install/description_pkg/share/description_pkg/package.ps1'
[1.235s] INFO:colcon.colcon_core.shell:Creating package descriptor '/home/jorge/panter_ws/src/install/description_pkg/share/description_pkg/package.dsv'
[1.235s] INFO:colcon.colcon_core.shell:Creating package script '/home/jorge/panter_ws/src/install/description_pkg/share/description_pkg/package.sh'
[1.236s] INFO:colcon.colcon_core.shell:Creating package script '/home/jorge/panter_ws/src/install/description_pkg/share/description_pkg/package.bash'
[1.236s] INFO:colcon.colcon_core.shell:Creating package script '/home/jorge/panter_ws/src/install/description_pkg/share/description_pkg/package.zsh'
[1.236s] Level 1:colcon.colcon_core.environment:create_file_with_runtime_dependencies(/home/jorge/panter_ws/src/install/description_pkg/share/colcon-core/packages/description_pkg)
[1.250s] DEBUG:colcon.colcon_core.event_handler.log_command:Invoked command in '/home/jorge/panter_ws/src/build/control_pkg' returned '0': CMAKE_PREFIX_PATH=${CMAKE_PREFIX_PATH}:/opt/ros/humble /usr/bin/cmake --build /home/jorge/panter_ws/src/build/control_pkg -- -j12 -l12
[1.251s] DEBUG:colcon.colcon_core.event_handler.log_command:Invoking command in '/home/jorge/panter_ws/src/build/control_pkg': CMAKE_PREFIX_PATH=${CMAKE_PREFIX_PATH}:/opt/ros/humble /usr/bin/cmake --install /home/jorge/panter_ws/src/build/control_pkg
[1.264s] Level 1:colcon.colcon_core.environment:create_environment_scripts_only(control_pkg)
[1.264s] Level 1:colcon.colcon_core.environment:checking '/home/jorge/panter_ws/src/install/control_pkg' for CMake module files
[1.265s] DEBUG:colcon.colcon_core.event_handler.log_command:Invoked command in '/home/jorge/panter_ws/src/build/control_pkg' returned '0': CMAKE_PREFIX_PATH=${CMAKE_PREFIX_PATH}:/opt/ros/humble /usr/bin/cmake --install /home/jorge/panter_ws/src/build/control_pkg
[1.265s] Level 1:colcon.colcon_core.environment:checking '/home/jorge/panter_ws/src/install/control_pkg' for CMake config files
[1.265s] Level 1:colcon.colcon_core.shell:create_environment_hook('control_pkg', 'cmake_prefix_path')
[1.265s] INFO:colcon.colcon_core.shell:Creating environment hook '/home/jorge/panter_ws/src/install/control_pkg/share/control_pkg/hook/cmake_prefix_path.ps1'
[1.266s] INFO:colcon.colcon_core.shell:Creating environment descriptor '/home/jorge/panter_ws/src/install/control_pkg/share/control_pkg/hook/cmake_prefix_path.dsv'
[1.266s] INFO:colcon.colcon_core.shell:Creating environment hook '/home/jorge/panter_ws/src/install/control_pkg/share/control_pkg/hook/cmake_prefix_path.sh'
[1.267s] Level 1:colcon.colcon_core.environment:checking '/home/jorge/panter_ws/src/install/control_pkg/lib'
[1.267s] Level 1:colcon.colcon_core.environment:checking '/home/jorge/panter_ws/src/install/control_pkg/bin'
[1.267s] Level 1:colcon.colcon_core.environment:checking '/home/jorge/panter_ws/src/install/control_pkg/lib/pkgconfig/control_pkg.pc'
[1.267s] Level 1:colcon.colcon_core.environment:checking '/home/jorge/panter_ws/src/install/control_pkg/lib/python3.10/site-packages'
[1.268s] Level 1:colcon.colcon_core.environment:checking '/home/jorge/panter_ws/src/install/control_pkg/bin'
[1.268s] INFO:colcon.colcon_core.shell:Creating package script '/home/jorge/panter_ws/src/install/control_pkg/share/control_pkg/package.ps1'
[1.268s] INFO:colcon.colcon_core.shell:Creating package descriptor '/home/jorge/panter_ws/src/install/control_pkg/share/control_pkg/package.dsv'
[1.269s] INFO:colcon.colcon_core.shell:Creating package script '/home/jorge/panter_ws/src/install/control_pkg/share/control_pkg/package.sh'
[1.269s] INFO:colcon.colcon_core.shell:Creating package script '/home/jorge/panter_ws/src/install/control_pkg/share/control_pkg/package.bash'
[1.269s] INFO:colcon.colcon_core.shell:Creating package script '/home/jorge/panter_ws/src/install/control_pkg/share/control_pkg/package.zsh'
[1.270s] Level 1:colcon.colcon_core.environment:create_file_with_runtime_dependencies(/home/jorge/panter_ws/src/install/control_pkg/share/colcon-core/packages/control_pkg)
[1.270s] Level 1:colcon.colcon_core.environment:create_environment_scripts_only(control_pkg)
[1.270s] Level 1:colcon.colcon_core.environment:checking '/home/jorge/panter_ws/src/install/control_pkg' for CMake module files
[1.271s] Level 1:colcon.colcon_core.environment:checking '/home/jorge/panter_ws/src/install/control_pkg' for CMake config files
[1.271s] Level 1:colcon.colcon_core.shell:create_environment_hook('control_pkg', 'cmake_prefix_path')
[1.271s] INFO:colcon.colcon_core.shell:Creating environment hook '/home/jorge/panter_ws/src/install/control_pkg/share/control_pkg/hook/cmake_prefix_path.ps1'
[1.271s] INFO:colcon.colcon_core.shell:Creating environment descriptor '/home/jorge/panter_ws/src/install/control_pkg/share/control_pkg/hook/cmake_prefix_path.dsv'
[1.272s] INFO:colcon.colcon_core.shell:Creating environment hook '/home/jorge/panter_ws/src/install/control_pkg/share/control_pkg/hook/cmake_prefix_path.sh'
[1.272s] Level 1:colcon.colcon_core.environment:checking '/home/jorge/panter_ws/src/install/control_pkg/lib'
[1.272s] Level 1:colcon.colcon_core.environment:checking '/home/jorge/panter_ws/src/install/control_pkg/bin'
[1.272s] Level 1:colcon.colcon_core.environment:checking '/home/jorge/panter_ws/src/install/control_pkg/lib/pkgconfig/control_pkg.pc'
[1.273s] Level 1:colcon.colcon_core.environment:checking '/home/jorge/panter_ws/src/install/control_pkg/lib/python3.10/site-packages'
[1.273s] Level 1:colcon.colcon_core.environment:checking '/home/jorge/panter_ws/src/install/control_pkg/bin'
[1.273s] INFO:colcon.colcon_core.shell:Creating package script '/home/jorge/panter_ws/src/install/control_pkg/share/control_pkg/package.ps1'
[1.274s] INFO:colcon.colcon_core.shell:Creating package descriptor '/home/jorge/panter_ws/src/install/control_pkg/share/control_pkg/package.dsv'
[1.274s] INFO:colcon.colcon_core.shell:Creating package script '/home/jorge/panter_ws/src/install/control_pkg/share/control_pkg/package.sh'
[1.274s] INFO:colcon.colcon_core.shell:Creating package script '/home/jorge/panter_ws/src/install/control_pkg/share/control_pkg/package.bash'
[1.275s] INFO:colcon.colcon_core.shell:Creating package script '/home/jorge/panter_ws/src/install/control_pkg/share/control_pkg/package.zsh'
[1.275s] Level 1:colcon.colcon_core.environment:create_file_with_runtime_dependencies(/home/jorge/panter_ws/src/install/control_pkg/share/colcon-core/packages/control_pkg)
[1.275s] DEBUG:colcon.colcon_parallel_executor.executor.parallel:closing loop
[1.276s] DEBUG:colcon.colcon_parallel_executor.executor.parallel:loop closed
[1.276s] DEBUG:colcon.colcon_parallel_executor.executor.parallel:run_until_complete finished with '0'
[1.276s] DEBUG:colcon.colcon_core.event_reactor:joining thread
[1.281s] INFO:colcon.colcon_core.plugin_system:Skipping extension 'colcon_notification.desktop_notification.terminal_notifier': Not used on non-Darwin systems
[1.281s] INFO:colcon.colcon_core.plugin_system:Skipping extension 'colcon_notification.desktop_notification.win32': Not used on non-Windows systems
[1.281s] INFO:colcon.colcon_notification.desktop_notification:Sending desktop notification using 'notify2'
[1.292s] DEBUG:colcon.colcon_core.event_reactor:joined thread
[1.292s] INFO:colcon.colcon_core.shell:Creating prefix script '/home/jorge/panter_ws/src/install/local_setup.ps1'
[1.292s] INFO:colcon.colcon_core.shell:Creating prefix util module '/home/jorge/panter_ws/src/install/_local_setup_util_ps1.py'
[1.293s] INFO:colcon.colcon_core.shell:Creating prefix chain script '/home/jorge/panter_ws/src/install/setup.ps1'
[1.294s] INFO:colcon.colcon_core.shell:Creating prefix script '/home/jorge/panter_ws/src/install/local_setup.sh'
[1.294s] INFO:colcon.colcon_core.shell:Creating prefix util module '/home/jorge/panter_ws/src/install/_local_setup_util_sh.py'
[1.295s] INFO:colcon.colcon_core.shell:Creating prefix chain script '/home/jorge/panter_ws/src/install/setup.sh'
[1.295s] INFO:colcon.colcon_core.shell:Creating prefix script '/home/jorge/panter_ws/src/install/local_setup.bash'
[1.295s] INFO:colcon.colcon_core.shell:Creating prefix chain script '/home/jorge/panter_ws/src/install/setup.bash'
[1.296s] INFO:colcon.colcon_core.shell:Creating prefix script '/home/jorge/panter_ws/src/install/local_setup.zsh'
[1.296s] INFO:colcon.colcon_core.shell:Creating prefix chain script '/home/jorge/panter_ws/src/install/setup.zsh'
